$ next start --port "3000"
   ▲ Next.js 15.5.2
   - Local:        http://localhost:3000
   - Network:      http://192.168.0.156:3000

 ✓ Starting...
 ✓ Ready in 214ms
 ⚠ metadataBase property in metadata export is not set for resolving social open graph or twitter images, using "http://localhost:3000". See https://nextjs.org/docs/app/api-reference/functions/generate-metadata#metadatabase
 ⨯ [TypeError: Cannot read properties of null (reading 'useState')] {
  digest: '2186868754'
}
 ⨯ [Error: Cannot find module '../../chunks/ssr/[turbopack]_runtime.js'
Require stack:
- /Users/panagiotispitsikoulis/Documents/react-portfolio/.next/server/app/(main)/page.js
- /Users/panagiotispitsikoulis/Documents/react-portfolio/node_modules/next/dist/server/require.js
- /Users/panagiotispitsikoulis/Documents/react-portfolio/node_modules/next/dist/server/next-server.js
- /Users/panagiotispitsikoulis/Documents/react-portfolio/node_modules/next/dist/server/next.js
- /Users/panagiotispitsikoulis/Documents/react-portfolio/node_modules/next/dist/server/lib/start-server.js
- /Users/panagiotispitsikoulis/Documents/react-portfolio/node_modules/next/dist/cli/next-start.js] {
  code: 'MODULE_NOT_FOUND',
  requireStack: [Array]
}
 ⨯ [Error: Cannot find module '../chunks/ssr/[turbopack]_runtime.js'
Require stack:
- /Users/panagiotispitsikoulis/Documents/react-portfolio/.next/server/pages/_document.js
- /Users/panagiotispitsikoulis/Documents/react-portfolio/node_modules/next/dist/server/require.js
- /Users/panagiotispitsikoulis/Documents/react-portfolio/node_modules/next/dist/server/next-server.js
- /Users/panagiotispitsikoulis/Documents/react-portfolio/node_modules/next/dist/server/next.js
- /Users/panagiotispitsikoulis/Documents/react-portfolio/node_modules/next/dist/server/lib/start-server.js
- /Users/panagiotispitsikoulis/Documents/react-portfolio/node_modules/next/dist/cli/next-start.js] {
  code: 'MODULE_NOT_FOUND',
  requireStack: [Array]
}
error: script "start" was terminated by signal SIGHUP (Terminal hung up)
